<?xml version="1.0" encoding="UTF-8"?>
<testsuite xmlns:xsi="http://www.w3.org/2001/XMLSchema-instance" xsi:noNamespaceSchemaLocation="https://maven.apache.org/surefire/maven-surefire-plugin/xsd/surefire-test-report-3.0.xsd" version="3.0" name="com.broadridge.runners.CukesRunner" time="57.733" tests="2" errors="0" skipped="0" failures="2">
  <properties>
[...]
</properties>
  <testcase name="User fills the contact us form and validates the form on BE" classname="Contact Us form validation" time="32.829">
    <failure message="expected:&lt;https://[]www-dev.broadridge.c...&gt; but was:&lt;https://[broadridgedigital:broadridge1@]www-dev.broadridge.c...&gt;" type="org.junit.ComparisonFailure"><![CDATA[org.junit.ComparisonFailure: expected:<https://[]www-dev.broadridge.c...> but was:<https://[broadridgedigital:broadridge1@]www-dev.broadridge.c...>
	at org.junit.Assert.assertEquals(Assert.java:117)
	at org.junit.Assert.assertEquals(Assert.java:146)
	at com.broadridge.step_defs.contactUsSteps.ContactUsStepDef.userValidatesTheContactUsForm(ContactUsStepDef.java:135)
	at ✽.User validates the contact us form(file:///home/runner/work/broadridgeTestAutomation/broadridgeTestAutomation/src/test/resources/features/contactUs.feature:8)
]]></failure>
    <system-out><![CDATA[Cookies accepted
---------------Navigated to contact us form --------------
firstName = Silva
lastName = Greenfelder
email = rosella.schinner@gmail.com
phone = 1-585-835-3451
jobTitle = Global Real-Estate Developer
companyName = Nitzsche-Rohan
message = fblafczzahdpvcpshhrb5wbieg8shbwzm7nprnvn00ey144dlh
---------------Contact us button clicked --------------
Form Submission Message = Something went wrong with our form submission. Please try again.
formpayload for validation = {"formSubmissionId":"BRU2PU62W-1758024325985","elqFormName":"","elqSiteID":"","datalayerheader":"","contact":"","formgtm":"","elqCustomerGUID":"","elqCookieWrite":"","segment":"","name_first":"Silva","name_last":"Greenfelder","email_work":"rosella.schinner@gmail.com","phone_business":"1-585-835-3451","job_title":"Global Real-Estate Developer","Company":"Nitzsche-Rohan","country":"United States","comment":"fblafczzahdpvcpshhrb5wbieg8shbwzm7nprnvn00ey144dlh","id":"","so":"","di":"","ct":"","ep":"","ot":"","mt":"","yr":"","rg":"","on":"","sub-source":"","campaignMostRecentID":"","content-id":"","orig-channel":"","campaign-name":"","campaignMostRecentName":"","campaignMostRecentSource":"","campaignMostRecentMedium":"","campaignMostRecentContent":"","campaignMostRecentTerm":"","campaignMostRecentContentID":"","campaignMostRecentSubSource":"","Persistent_utm_medium":"","Persistent_utm_source":"","Persistent_utm_term":"","Persistent_utm_campaign":"","Persistent_Sub_Source":"","Persistent_Content_ID":"","Persistent_Campaign_ID":"","Persistent_utm_content":"","Session_utm_medium":"","Session_utm_source":"","Session_utm_term":"","Session_utm_campaign":"","Session_Sub_Source":"","Session_Content_ID":"","Session_Campaign_ID":"701RN00000RbnVLYAZ","Session_utm_content":"","inquiry":"Gen Enq","fullURL":"https://www-dev.broadridge.com/who-we-serve/asset-management","page_id":"","page_campaign_id":"","ecid":"","elqCampaignId":"","Formmodel":"ungated","Pagetype":"","g-recaptcha-response":"0cAFcWeA6gzKN2Pl6A8S4OYQq-WYZ6gJByDhTi9CKkDAi8-sasg6OFT6xKUVUV1XYWGZN-tlxe0q45Eotn01eYyZFsgVtpl1NtNbwwClYDAXZYkydXEymqCNC5-5qOfMQQyyWWLMVmRnG8kMpGEBzYvSTX7wu9fCkDOcCiQ0JZv-vtkbdncpEZAOkGNCQGJqKMl5ouGetyfL4iPk804uEgTdrS9D7QKQ4GJefFWBnNbacycIAxQ_k-Tpufq_yW9ws4DuQLURLRdDXRAXu7AaYM0R2GmVu5QnR4LcACO2BQS44Z8E8a-2qyv_tw77ox6EpGfg116Y2eRv2nnSZdk1vDSJcWJRS2P3Np7S3algRnViIrw1oPchbxV50XcdYxQFjNMpBGLIaM_qGh71Y-SA9SzQZ_B8sHIJnRhrr4vfUGkp8fHUvAYbT35pZ_X20yhhsVeAsw-bm9q71KgVMdHcRVtUwNCicjDm4gkBlkJ4hadCNcANVajx72ku4FkZLx5m6OkI8oeSTXRdoTfTp6RpaIjnYJBb3Pm4MVutklMYUsvfmPbmHXrE24DUH36uKgEo8vwRbfDAMjPftywMQeNzICGjB3-Uq9E8mZMobsEYuaQledemymccFXqv10FA6JDSyK2ph3wm22oJoeQPOcY_F12L_C1Hk-xoNeogbxWkQ2LVODF0r85nYK0G-6UuZMUbvzlfYnObCExjpqpxMy8E3PtxtF9x_QuzSi3HT153WGkAFM6WIrgshWMXf6vzttN2OM-vEamd1Qox0dRXr8EuYJK4V5TdsC4iVvYxtZO4v8Ju0SJLDyzO-wPp-aEJqS_FblVButXh5HuvZHV4cDCaIa_YUkAGWgj1KwAaC7b-Ctus5H3_ONrYcriVwjI5NxY1uFLD3N_wCTYYnRxuU-LwlRvK-nQ25nC67gzeQZqnF7lcVfjT-4u3Dh_ZQnV_1ttfU3vWburMfh-RSAusSpVlgu4h7zErYkeHtqvqlSjbrOfWvXqMv_E89sxi1slfeZG0saYdh5V6lZ58fTar8K_Rd3x8wknSOWppIKcnPjmGP-sNMjY4BlBqqsVkxOFCHSsRd0xT96Rb6kspJzu6J18uAAlc5XGobx89gRixqqrG-_lCURqA6njnPo2z-9pMHPX3kDGZSqCuViT6qrlVFPAdnaFph3cy7WoD-zmo2Z3BPEikXIwcSFx0R4iMGvkK8kiQIMUt5s2twc-POg5m3r1U0W7E_O4HZFNgvQek71O7HrCIWI0E0tO-nET4OKAqxEHMddaV7F4nwosenzM8mPCsYj-PRnf4B6M9ie4Jq7yiLHOVvZ2lcoIvFrW4_kpn_zMUgYbz09y6Ku4yBjhOp3-A6cICMf05L6ps1_TPLS1NCqhFSfU4VdneBkqSkewETHVcB57MZxD3xOqfiU-abiT3lR2lx9qbbIpgvGJU2kbisXOtt3rj3S2COofbQ-eVWiH4wO6P7UjkpwOB-u6ORyApIFWu4gshDMiov2IcmMKQhKyyJe2u7UxR-I24viAFKy3_1pBTLt0CVZI_XdLN8Ie9ziGqFbVAfnkP_pZcc1gLjSKOuCsNkI1kYOL2g"}
formSubmissionId = BRU2PU62W-1758024325985
fullURL = https://www-dev.broadridge.com/who-we-serve/asset-management
formSubmissionId = BRU2PU62W-1758024325985
fullURL = https://www-dev.broadridge.com/who-we-serve/asset-management
]]></system-out>
    <system-err><![CDATA[------------------- START STEP -------------------
SLF4J(W): No SLF4J providers were found.
SLF4J(W): Defaulting to no-operation (NOP) logger implementation
SLF4J(W): See https://www.slf4j.org/codes.html#noProviders for further details.
Sep 16, 2025 12:05:15 PM org.openqa.selenium.devtools.CdpVersionFinder findNearestMatch
WARNING: Unable to find an exact match for CDP version 140, returning the closest version; found: 136; Please update to a Selenium version that supports CDP version 140
------------------- START STEP -------------------
------------------- START STEP -------------------
------------------- END BROWSER -------------------
]]></system-err>
  </testcase>
  <testcase name="User fills the download form and validates the form on BE" classname="Download form validation" time="23.906">
    <failure message="expected:&lt;https://[]www-dev.broadridge.c...&gt; but was:&lt;https://[broadridgedigital:broadridge1@]www-dev.broadridge.c...&gt;" type="org.junit.ComparisonFailure"><![CDATA[org.junit.ComparisonFailure: expected:<https://[]www-dev.broadridge.c...> but was:<https://[broadridgedigital:broadridge1@]www-dev.broadridge.c...>
	at org.junit.Assert.assertEquals(Assert.java:117)
	at org.junit.Assert.assertEquals(Assert.java:146)
	at com.broadridge.step_defs.downloadFormSteps.DownloadFormStepDef.userValidatesTheDownloadForm(DownloadFormStepDef.java:120)
	at ✽.User validates the download form(file:///home/runner/work/broadridgeTestAutomation/broadridgeTestAutomation/src/test/resources/features/downloadForm.feature:8)
]]></failure>
    <system-out><![CDATA[Cookies accepted
---------------Navigated to download form --------------
---------------checkbox is clicked for extra field --------------
---------------waited 2 seconds --------------
phone field = true
---------------phone field is filled --------------
---------------telephone field is filled --------------
---------------Download form button clicked --------------
Form Submission Message = Something went wrong with our form submission. Please try again.
formpayload for validation = {"formSubmissionId":"BR4BOZKB5-1758024349775","elqFormName":"","elqSiteID":"","datalayerheader":"","contact":"","formgtm":"","elqCustomerGUID":"","elqCookieWrite":"","segment":"","name_first":"First_TESTTEST","name_last":"Last_TESTTEST","email_work":"automated_TESTTEST@broadridge.com","Company":"Company_TESTTEST","toggle-additional-fields":"","phone_business":"999-999-9999","job_title":"Job_TESTTEST","country":"United States","comment":"This is an automated test submission.  Please ignore.","id":"","so":"","di":"","ct":"","ep":"","ot":"","mt":"","yr":"","rg":"","on":"","sub-source":"","campaignMostRecentID":"","content-id":"","orig-channel":"","campaign-name":"","campaignMostRecentName":"","campaignMostRecentSource":"","campaignMostRecentMedium":"","campaignMostRecentContent":"","campaignMostRecentTerm":"","campaignMostRecentContentID":"","campaignMostRecentSubSource":"","Persistent_utm_medium":"","Persistent_utm_source":"","Persistent_utm_term":"","Persistent_utm_campaign":"","Persistent_Sub_Source":"","Persistent_Content_ID":"","Persistent_Campaign_ID":"","Persistent_utm_content":"","Session_utm_medium":"","Session_utm_source":"","Session_utm_term":"","Session_utm_campaign":"","Session_Sub_Source":"","Session_Content_ID":"","Session_Campaign_ID":"701RN00000RbnVLYAZ","Session_utm_content":"","inquiry":"Content Download","fullURL":"https://www-dev.broadridge.com/campaign/all-in-the-family-active-etf","page_id":"","page_campaign_id":"","ecid":"","elqCampaignId":"","Formmodel":"gated","Pagetype":""}
formSubmissionId = BR4BOZKB5-1758024349775
fullURL = https://www-dev.broadridge.com/campaign/all-in-the-family-active-etf
formSubmissionId = BR4BOZKB5-1758024349775
fullURL = https://www-dev.broadridge.com/campaign/all-in-the-family-active-etf
]]></system-out>
    <system-err><![CDATA[------------------- START STEP -------------------
Sep 16, 2025 12:05:36 PM org.openqa.selenium.devtools.CdpVersionFinder findNearestMatch
WARNING: Unable to find an exact match for CDP version 140, returning the closest version; found: 136; Please update to a Selenium version that supports CDP version 140
------------------- START STEP -------------------
------------------- START STEP -------------------
------------------- END BROWSER -------------------
]]></system-err>
  </testcase>
</testsuite>