<?xml version="1.0" encoding="UTF-8"?>
<testsuite xmlns:xsi="http://www.w3.org/2001/XMLSchema-instance" xsi:noNamespaceSchemaLocation="https://maven.apache.org/surefire/maven-surefire-plugin/xsd/surefire-test-report-3.0.xsd" version="3.0" name="com.broadridge.runners.CukesRunner" time="58.692" tests="2" errors="0" skipped="0" failures="2">
  <properties>
[...]
</properties>
  <testcase name="User fills the contact us form and validates the form on BE" classname="Contact Us form validation" time="33.81">
    <failure message="expected:&lt;https://[]www-dev.broadridge.c...&gt; but was:&lt;https://[broadridgedigital:broadridge1@]www-dev.broadridge.c...&gt;" type="org.junit.ComparisonFailure"><![CDATA[org.junit.ComparisonFailure: expected:<https://[]www-dev.broadridge.c...> but was:<https://[broadridgedigital:broadridge1@]www-dev.broadridge.c...>
	at org.junit.Assert.assertEquals(Assert.java:117)
	at org.junit.Assert.assertEquals(Assert.java:146)
	at com.broadridge.step_defs.contactUsSteps.ContactUsStepDef.userValidatesTheContactUsForm(ContactUsStepDef.java:135)
	at ✽.User validates the contact us form(file:///home/runner/work/broadridgeTestAutomation/broadridgeTestAutomation/src/test/resources/features/contactUs.feature:8)
]]></failure>
    <system-out><![CDATA[Cookies accepted
---------------Navigated to contact us form --------------
firstName = Tanja
lastName = Bailey
email = toya.nicolas@hotmail.com
phone = 1-297-252-8719
jobTitle = Banking Engineer
companyName = Ferry, Turcotte and Littel
message = eg4fprhy8kaok9t0i8639lqaqlwq2mgv6irb1edosxpqvn30dp
---------------Contact us button clicked --------------
Form Submission Message = Something went wrong with our form submission. Please try again.
formpayload for validation = {"formSubmissionId":"BRHP2S7N9-1757929005033","elqFormName":"","elqSiteID":"","datalayerheader":"","contact":"","formgtm":"","elqCustomerGUID":"","elqCookieWrite":"","segment":"","name_first":"Tanja","name_last":"Bailey","email_work":"toya.nicolas@hotmail.com","phone_business":"1-297-252-8719","job_title":"Banking Engineer","Company":"Ferry, Turcotte and Littel","country":"United States","comment":"eg4fprhy8kaok9t0i8639lqaqlwq2mgv6irb1edosxpqvn30dp","id":"","so":"","di":"","ct":"","ep":"","ot":"","mt":"","yr":"","rg":"","on":"","sub-source":"","campaignMostRecentID":"","content-id":"","orig-channel":"","campaign-name":"","campaignMostRecentName":"","campaignMostRecentSource":"","campaignMostRecentMedium":"","campaignMostRecentContent":"","campaignMostRecentTerm":"","campaignMostRecentContentID":"","campaignMostRecentSubSource":"","Persistent_utm_medium":"","Persistent_utm_source":"","Persistent_utm_term":"","Persistent_utm_campaign":"","Persistent_Sub_Source":"","Persistent_Content_ID":"","Persistent_Campaign_ID":"","Persistent_utm_content":"","Session_utm_medium":"","Session_utm_source":"","Session_utm_term":"","Session_utm_campaign":"","Session_Sub_Source":"","Session_Content_ID":"","Session_Campaign_ID":"701RN00000RbnVLYAZ","Session_utm_content":"","inquiry":"Gen Enq","fullURL":"https://www-dev.broadridge.com/who-we-serve/asset-management","page_id":"","page_campaign_id":"","ecid":"","elqCampaignId":"","Formmodel":"ungated","Pagetype":"","g-recaptcha-response":"0cAFcWeA7wzWBgPiKusVoBNx55I2_DGK-6d9696ymvpXR9eyiNLxIbjuM8fW4CXddvTX1WQ1jyYrFGPqRJO_CrQ16AHHGJY3N7FpgmJabEmPiwyFnD8aoQbfs7L3X5ueXlNhulKAurFHqeBzKkOScJ3bIX-zV-qpaOTscqNoktereiSS8EqSZ9PsJV2WeCDew_mgI03VT8zgA6StWqZpQnbC9uKEkPd6hE2MGM5oWEUtcOgxAPnQY8emYEYdP9Azs8DVU4he1tQdV-41V5LTTeutHgsbaeRmim1AT7iXR_sW1I4YbUtQ9iAqKzci0A7AVxrm7PDAcnj2-OSEp31SCkBME-ATjOhWLOlPLE5kfqPazHzSv8M-B85nn-Czzk9QEFQCANO3ySpq-ul0gn1VWq-s9NfMeAoLkLauGoCAxbwYw0gnePLlXlAM-vYmDY--DTwUKPbcjEKXahyzeuYKGWkEJZ8-yhJ4-gTbkGm1-712taPbyRz5OU1MkNQNPXbo8Ks9XWxt15xx_k6Zw_zLNw_GRZfcvQL77zH2BHsc22gD9JYTQKIm8t2Oyr4HJ_Jj0cS_1A28ZdIoqgHriaAOMY8EzWsTyRY8cGgSbjsI-5GMuwu-NOddPNXcxnOQOwsckZLx4PL1PhxF-J0IC9lrMv3--PYEoeOWSdmZVRM5GbUCsqjseNGOQauWWJ6H7OrQ9PH6wUS0XWVwsBoPVzfqpB698OBG9xPLgSwrdDCoinOCVCnvqGWseaQVbBDP-_m8aB9ZPJq-gKdXQDf6ijHZxQt-xtZhU_lKYjGFXibAKn4PBOTtRNeAfSujUY9EItU9QzvtsqFKuezmcatJ8LDziXA-qqxEoNqzz2d8WGoBYYaZkCMYTxYUolY1iSjSL9me0taj875M8NDqlK4FF9dszzag7bLznChWNdMgTcbJKZj61ew2jYspztSUsJwkG0IzhB4Qk-Icov4OYw0_NU7z3VBNzsnRLlTFSR0kjTKDsI7BZ-UjAC69ONL-h5OY3T_rc83a74NzbHrxp74WB6upBJ5bh8ahVxGayQcrMbGmRa_k8lmPiTHQoOitn7zuZ1s7iLkmTREUCrN6cW1ZLppgWXS0Q1cxdk21MM_dhoEhMAgkyXIQ8eUmt4lOrT_dw0gnDOssLm82CqPdfO1Hd-1CNIdh6PGlOapTnwu9bQM2RJr_PyilRFGu1vW_PQAX_DXANnhevd5uU6JkJWmLH4s0J5ElzDL76nBBFSIifEpzkoE1REytAqo9Qes__9VjSMILHqCtVKvuKe976hglaJ2EDMXHCV0EvWUVnB_WUpKYmkF9KwAEcYCqJkZO9BFY-WCC2EAjYTi9Bob7aR7Z1HP74j7ixDhO_VtaJWS6oQPl1dovHvxhKXsHCVhiyunBYwbSPxhyHf8L3BN_cjvMd5d4S6dqipa-A7IEOJujz5tyRklmQn00kM5Q4-BaSLxspLasiNULh3qCqcrrQ6yCN2Lh-gZ6EDbWAXQjxZ6YhfNegYyMpdLHmlytUjXfQwh1JzLDD4BH1Lz2bDfQ_0SqaZ5xEhE5-jwl4NM18ZPOZp9ezq_QI7sjA2FC4B_mM"}
formSubmissionId = BRHP2S7N9-1757929005033
fullURL = https://www-dev.broadridge.com/who-we-serve/asset-management
formSubmissionId = BRHP2S7N9-1757929005033
fullURL = https://www-dev.broadridge.com/who-we-serve/asset-management
]]></system-out>
    <system-err><![CDATA[------------------- START STEP -------------------
SLF4J(W): No SLF4J providers were found.
SLF4J(W): Defaulting to no-operation (NOP) logger implementation
SLF4J(W): See https://www.slf4j.org/codes.html#noProviders for further details.
Sep 15, 2025 9:36:32 AM org.openqa.selenium.devtools.CdpVersionFinder findNearestMatch
WARNING: Unable to find an exact match for CDP version 140, returning the closest version; found: 136; Please update to a Selenium version that supports CDP version 140
------------------- START STEP -------------------
------------------- START STEP -------------------
------------------- END BROWSER -------------------
]]></system-err>
  </testcase>
  <testcase name="User fills the download form and validates the form on BE" classname="Download form validation" time="23.877">
    <failure message="expected:&lt;https://[]www-dev.broadridge.c...&gt; but was:&lt;https://[broadridgedigital:broadridge1@]www-dev.broadridge.c...&gt;" type="org.junit.ComparisonFailure"><![CDATA[org.junit.ComparisonFailure: expected:<https://[]www-dev.broadridge.c...> but was:<https://[broadridgedigital:broadridge1@]www-dev.broadridge.c...>
	at org.junit.Assert.assertEquals(Assert.java:117)
	at org.junit.Assert.assertEquals(Assert.java:146)
	at com.broadridge.step_defs.downloadFormSteps.DownloadFormStepDef.userValidatesTheDownloadForm(DownloadFormStepDef.java:120)
	at ✽.User validates the download form(file:///home/runner/work/broadridgeTestAutomation/broadridgeTestAutomation/src/test/resources/features/downloadForm.feature:8)
]]></failure>
    <system-out><![CDATA[Cookies accepted
---------------Navigated to download form --------------
---------------checkbox is clicked for extra field --------------
---------------waited 2 seconds --------------
phone field = true
---------------phone field is filled --------------
---------------telephone field is filled --------------
---------------Download form button clicked --------------
Form Submission Message = Something went wrong with our form submission. Please try again.
formpayload for validation = {"formSubmissionId":"BRZF66Z58-1757929028804","elqFormName":"","elqSiteID":"","datalayerheader":"","contact":"","formgtm":"","elqCustomerGUID":"","elqCookieWrite":"","segment":"","name_first":"First_TESTTEST","name_last":"Last_TESTTEST","email_work":"automated_TESTTEST@broadridge.com","Company":"Company_TESTTEST","toggle-additional-fields":"","phone_business":"999-999-9999","job_title":"Job_TESTTEST","country":"United States","comment":"This is an automated test submission.  Please ignore.","id":"","so":"","di":"","ct":"","ep":"","ot":"","mt":"","yr":"","rg":"","on":"","sub-source":"","campaignMostRecentID":"","content-id":"","orig-channel":"","campaign-name":"","campaignMostRecentName":"","campaignMostRecentSource":"","campaignMostRecentMedium":"","campaignMostRecentContent":"","campaignMostRecentTerm":"","campaignMostRecentContentID":"","campaignMostRecentSubSource":"","Persistent_utm_medium":"","Persistent_utm_source":"","Persistent_utm_term":"","Persistent_utm_campaign":"","Persistent_Sub_Source":"","Persistent_Content_ID":"","Persistent_Campaign_ID":"","Persistent_utm_content":"","Session_utm_medium":"","Session_utm_source":"","Session_utm_term":"","Session_utm_campaign":"","Session_Sub_Source":"","Session_Content_ID":"","Session_Campaign_ID":"701RN00000RbnVLYAZ","Session_utm_content":"","inquiry":"Content Download","fullURL":"https://www-dev.broadridge.com/campaign/all-in-the-family-active-etf","page_id":"","page_campaign_id":"","ecid":"","elqCampaignId":"","Formmodel":"gated","Pagetype":""}
formSubmissionId = BRZF66Z58-1757929028804
fullURL = https://www-dev.broadridge.com/campaign/all-in-the-family-active-etf
formSubmissionId = BRZF66Z58-1757929028804
fullURL = https://www-dev.broadridge.com/campaign/all-in-the-family-active-etf
]]></system-out>
    <system-err><![CDATA[------------------- START STEP -------------------
Sep 15, 2025 9:36:55 AM org.openqa.selenium.devtools.CdpVersionFinder findNearestMatch
WARNING: Unable to find an exact match for CDP version 140, returning the closest version; found: 136; Please update to a Selenium version that supports CDP version 140
------------------- START STEP -------------------
------------------- START STEP -------------------
------------------- END BROWSER -------------------
]]></system-err>
  </testcase>
</testsuite>